C51 COMPILER V9.54   MAIN                                                                  10/31/2025 09:45:46 PAGE 1   


C51 COMPILER V9.54, COMPILATION OF MODULE MAIN
OBJECT MODULE PLACED IN .\Objects\main.obj
COMPILER INVOKED BY: E:\keil5\C51\BIN\C51.EXE main.c OPTIMIZE(8,SPEED) BROWSE DEBUG OBJECTEXTEND PRINT(.\Listings\main.l
                    -st) TABS(2) OBJECT(.\Objects\main.obj)

line level    source

   1          #include <REGX52.H>
   2          #include "LCD1602.h"
   3          #include "delay.h"
   4          # include "MartrixKey.h"
   5          unsigned char KeyNum;
   6          void main(){
   7   1        //初始化1602液晶屏
   8   1        LCD_Init();
   9   1        LCD_ShowString(1,1,"DigitalNumLock!");
  10   1        LCD_ShowString(2,1,"Loading...");
  11   1        Delay(2000);
  12   1        
  13   1        LCD_Init();
  14   1        LCD_ShowString(1,1,"SetYourKey");
  15   1        LCD_ShowString(2,1,"NumShouldUnder9");
  16   1        Delay(2000);
  17   1        
  18   1        //初始化LCD
  19   1        LCD_Init();
  20   1        while(1){
  21   2          int i = 0;
  22   2          int NumLockarr[9];
  23   2          LCD_ShowString(1,8,"Reset[10]");
  24   2          
  25   2          for(i=1; i<=9; i++){
  26   3            NumLockarr[i-1] = MartrixKey();
  27   3            KeyNum = MartrixKey();
  28   3              if(KeyNum)
  29   3              {
  30   4                LCD_ShowNum(1,1,KeyNum,2);
  31   4              }
  32   3            if(i==9){
  33   4              LCD_Init();
  34   4              LCD_ShowString(1,1,"KeyIsSet!!");
  35   4              Delay(2000);
  36   4            }
  37   3            if(MartrixKey() == 10){
  38   4              
  39   4            }
  40   3          }
  41   2          
  42   2      
  43   2        }
  44   1      }


MODULE INFORMATION:   STATIC OVERLAYABLE
   CODE SIZE        =    191    ----
   CONSTANT SIZE    =     75    ----
   XDATA SIZE       =   ----    ----
   PDATA SIZE       =   ----    ----
   DATA SIZE        =      1      20
   IDATA SIZE       =   ----    ----
   BIT SIZE         =   ----    ----
C51 COMPILER V9.54   MAIN                                                                  10/31/2025 09:45:46 PAGE 2   

END OF MODULE INFORMATION.


C51 COMPILATION COMPLETE.  0 WARNING(S),  0 ERROR(S)
