C51 COMPILER V9.54   MAIN                                                                  08/10/2025 15:03:58 PAGE 1   


C51 COMPILER V9.54, COMPILATION OF MODULE MAIN
OBJECT MODULE PLACED IN .\Objects\main.obj
COMPILER INVOKED BY: E:\keil5\C51\BIN\C51.EXE main.c OPTIMIZE(8,SPEED) BROWSE DEBUG OBJECTEXTEND PRINT(.\Listings\main.l
                    -st) TABS(2) OBJECT(.\Objects\main.obj)

line level    source

   1          #include <REGX52.H>
   2          #include <INTRINS.H>
   3          
   4          
   5          void Delay500ms(void) //@12.000MHz
   6          {
   7   1        unsigned char data i, j, k;
   8   1      
   9   1        _nop_();
  10   1        i = 4;
  11   1        j = 205;
  12   1        k = 187;
  13   1        do
  14   1        {
  15   2          do
  16   2          {
  17   3            while (--k);
  18   3          } while (--j);
  19   2        } while (--i);
  20   1      }
  21          
  22          
  23          
  24          
  25          
  26          void main()
  27          {
  28   1      
  29   1        while(1)
  30   1        {
  31   2          
  32   2          P2 = 0xfe;
  33   2          Delay500ms();
  34   2          P2 = 0xff;
  35   2          Delay500ms();
  36   2        }
  37   1      }


MODULE INFORMATION:   STATIC OVERLAYABLE
   CODE SIZE        =     28    ----
   CONSTANT SIZE    =   ----    ----
   XDATA SIZE       =   ----    ----
   PDATA SIZE       =   ----    ----
   DATA SIZE        =   ----    ----
   IDATA SIZE       =   ----    ----
   BIT SIZE         =   ----    ----
END OF MODULE INFORMATION.


C51 COMPILATION COMPLETE.  0 WARNING(S),  0 ERROR(S)
