C51 COMPILER V9.54   DELAY_FUNCTION                                                        09/28/2025 11:11:58 PAGE 1   


C51 COMPILER V9.54, COMPILATION OF MODULE DELAY_FUNCTION
OBJECT MODULE PLACED IN .\Objects\delay_function.obj
COMPILER INVOKED BY: E:\keil5\C51\BIN\C51.EXE delay_function.c OPTIMIZE(8,SPEED) BROWSE DEBUG OBJECTEXTEND PRINT(.\Listi
                    -ngs\delay_function.lst) TABS(2) OBJECT(.\Objects\delay_function.obj)

line level    source

   1          void delay(unsigned int xms)  //@12.000MHz下正常工作
   2          {
   3   1        unsigned char i, j;
   4   1        while (xms)
   5   1        {
   6   2          i = 2;
   7   2          j = 239;
   8   2          do
   9   2          {
  10   3            while (--j);
  11   3          } while (--i);
  12   2          xms--;
  13   2        }
  14   1      }


MODULE INFORMATION:   STATIC OVERLAYABLE
   CODE SIZE        =     20    ----
   CONSTANT SIZE    =   ----    ----
   XDATA SIZE       =   ----    ----
   PDATA SIZE       =   ----    ----
   DATA SIZE        =   ----    ----
   IDATA SIZE       =   ----    ----
   BIT SIZE         =   ----    ----
END OF MODULE INFORMATION.


C51 COMPILATION COMPLETE.  0 WARNING(S),  0 ERROR(S)
