C51 COMPILER V9.54   LCD1602                                                               09/28/2025 16:31:40 PAGE 1   


C51 COMPILER V9.54, COMPILATION OF MODULE LCD1602
OBJECT MODULE PLACED IN .\Objects\LCD1602.obj
COMPILER INVOKED BY: E:\keil5\C51\BIN\C51.EXE LCD1602.c OPTIMIZE(8,SPEED) BROWSE DEBUG OBJECTEXTEND PRINT(.\Listings\LCD
                    -1602.lst) TABS(2) OBJECT(.\Objects\LCD1602.obj)

line level    source

   1          #include <REGX52.H>
   2          
   3          //引脚配置：
   4          sbit LCD_RS=P2^6;
   5          sbit LCD_RW=P2^5;
   6          sbit LCD_EN=P2^7;
   7          #define LCD_DataPort P0
   8          
   9          //函数定义：
  10          /**
  11            * @brief  LCD1602延时函数，12MHz调用可延时1ms
  12            * @param  无
  13            * @retval 无
  14            */
  15          void LCD_Delay()
  16          {
  17   1        unsigned char i, j;
  18   1      
  19   1        i = 2;
  20   1        j = 239;
  21   1        do
  22   1        {
  23   2          while (--j);
  24   2        } while (--i);
  25   1      }
  26          
  27          /**
  28            * @brief  LCD1602写命令
  29            * @param  Command 要写入的命令
  30            * @retval 无
  31            */
  32          void LCD_WriteCommand(unsigned char Command)
  33          {
  34   1        LCD_RS=0;
  35   1        LCD_RW=0;
  36   1        LCD_DataPort=Command;
  37   1        LCD_EN=1;
  38   1        LCD_Delay();
  39   1        LCD_EN=0;
  40   1        LCD_Delay();
  41   1      }
  42          
  43          /**
  44            * @brief  LCD1602写数据
  45            * @param  Data 要写入的数据
  46            * @retval 无
  47            */
  48          void LCD_WriteData(unsigned char Data)
  49          {
  50   1        LCD_RS=1;
  51   1        LCD_RW=0;
  52   1        LCD_DataPort=Data;
  53   1        LCD_EN=1;
  54   1        LCD_Delay();
C51 COMPILER V9.54   LCD1602                                                               09/28/2025 16:31:40 PAGE 2   

  55   1        LCD_EN=0;
  56   1        LCD_Delay();
  57   1      }
  58          
  59          /**
  60            * @brief  LCD1602设置光标位置
  61            * @param  Line 行位置，范围：1~2
  62            * @param  Column 列位置，范围：1~16
  63            * @retval 无
  64            */
  65          void LCD_SetCursor(unsigned char Line,unsigned char Column)
  66          {
  67   1        if(Line==1)
  68   1        {
  69   2          LCD_WriteCommand(0x80|(Column-1));
  70   2        }
  71   1        else if(Line==2)
  72   1        {
  73   2          LCD_WriteCommand(0x80|(Column-1+0x40));
  74   2        }
  75   1      }
  76          
  77          /**
  78            * @brief  LCD1602初始化函数
  79            * @param  无
  80            * @retval 无
  81            */
  82          void LCD_Init()
  83          {
  84   1        LCD_WriteCommand(0x38);//八位数据接口，两行显示，5*7点阵
  85   1        LCD_WriteCommand(0x0c);//显示开，光标关，闪烁关
  86   1        LCD_WriteCommand(0x06);//数据读写操作后，光标自动加一，画面不动
  87   1        LCD_WriteCommand(0x01);//光标复位，清屏
  88   1      }
  89          /**
  90            * @brief  LCD1602清屏
  91            * @param  无
  92            * @retval 无
  93            */
  94          void LCD_Clear()
  95          {
  96   1          LCD_WriteCommand(0x01);  // 清屏命令
  97   1          // 清屏执行时间 > 1.6ms，这里延时 2~5ms
  98   1          LCD_Delay();
  99   1      }
 100          
 101          
 102          /**
 103            * @brief  LCD1602清屏（写空格覆盖，推荐）
 104            * @param  无
 105            * @retval 无
 106            */
 107          /*void LCD_Clear()
 108          {
 109              unsigned char i;
 110              // 清第一行
 111              LCD_SetCursor(1,1);
 112              for(i=0;i<16;i++)
 113              {
 114                  LCD_WriteData(' ');
 115              }
 116              // 清第二行
C51 COMPILER V9.54   LCD1602                                                               09/28/2025 16:31:40 PAGE 3   

 117              LCD_SetCursor(2,1);
 118              for(i=0;i<16;i++)
 119              {
 120                  LCD_WriteData(' ');
 121              }
 122              // 光标回到左上角
 123              LCD_SetCursor(1,1);
 124          }
 125          */
 126          
 127          /**
 128            * @brief  在LCD1602指定位置上显示一个字符
 129            * @param  Line 行位置，范围：1~2
 130            * @param  Column 列位置，范围：1~16
 131            * @param  Char 要显示的字符
 132            * @retval 无
 133            */
 134          
 135            void LCD_ShowChar(unsigned char Line,unsigned char Column,char Char)
 136          {
 137   1        LCD_SetCursor(Line,Column);
 138   1        LCD_WriteData(Char);
 139   1      }
 140          
 141          /**
 142            * @brief  在LCD1602指定位置开始显示所给字符串
 143            * @param  Line 起始行位置，范围：1~2
 144            * @param  Column 起始列位置，范围：1~16
 145            * @param  String 要显示的字符串
 146            * @retval 无
 147            */
 148          void LCD_ShowString(unsigned char Line,unsigned char Column,char *String)
 149          {
 150   1        unsigned char i;
 151   1        LCD_SetCursor(Line,Column);
 152   1        for(i=0;String[i]!='\0';i++)
 153   1        {
 154   2          if(i > 15)
 155   2          {
 156   3            Line = Line + 1;
 157   3          
 158   3          }
 159   2          LCD_WriteData(String[i]);
 160   2        }
 161   1      }
 162          
 163          /**
 164            * @brief  返回值=X的Y次方
 165            */
 166          int LCD_Pow(int X,int Y)
 167          {
 168   1        unsigned char i;
 169   1        int Result=1;
 170   1        for(i=0;i<Y;i++)
 171   1        {
 172   2          Result*=X;
 173   2        }
 174   1        return Result;
 175   1      }
 176          
 177          /**
 178            * @brief  在LCD1602指定位置开始显示所给数字
C51 COMPILER V9.54   LCD1602                                                               09/28/2025 16:31:40 PAGE 4   

 179            * @param  Line 起始行位置，范围：1~2
 180            * @param  Column 起始列位置，范围：1~16
 181            * @param  Number 要显示的数字，范围：0~65535
 182            * @param  Length 要显示数字的长度，范围：1~5
 183            * @retval 无
 184            */
 185          void LCD_ShowNum(unsigned char Line,unsigned char Column,unsigned int Number,unsigned char Length)
 186          {
 187   1        unsigned char i;
 188   1        LCD_SetCursor(Line,Column);
 189   1        for(i=Length;i>0;i--)
 190   1        {
 191   2          LCD_WriteData(Number/LCD_Pow(10,i-1)%10+'0');
 192   2        }
 193   1      }
 194          
 195          /**
 196            * @brief  在LCD1602指定位置开始以有符号十进制显示所给数字
 197            * @param  Line 起始行位置，范围：1~2
 198            * @param  Column 起始列位置，范围：1~16
 199            * @param  Number 要显示的数字，范围：-32768~32767
 200            * @param  Length 要显示数字的长度，范围：1~5
 201            * @retval 无
 202            */
 203          void LCD_ShowSignedNum(unsigned char Line,unsigned char Column,int Number,unsigned char Length)
 204          {
 205   1        unsigned char i;
 206   1        unsigned int Number1;
 207   1        LCD_SetCursor(Line,Column);
 208   1        if(Number>=0)
 209   1        {
 210   2          LCD_WriteData('+');
 211   2          Number1=Number;
 212   2        }
 213   1        else
 214   1        {
 215   2          LCD_WriteData('-');
 216   2          Number1=-Number;
 217   2        }
 218   1        for(i=Length;i>0;i--)
 219   1        {
 220   2          LCD_WriteData(Number1/LCD_Pow(10,i-1)%10+'0');
 221   2        }
 222   1      }
 223          
 224          /**
 225            * @brief  在LCD1602指定位置开始以十六进制显示所给数字
 226            * @param  Line 起始行位置，范围：1~2
 227            * @param  Column 起始列位置，范围：1~16
 228            * @param  Number 要显示的数字，范围：0~0xFFFF
 229            * @param  Length 要显示数字的长度，范围：1~4
 230            * @retval 无
 231            */
 232          void LCD_ShowHexNum(unsigned char Line,unsigned char Column,unsigned int Number,unsigned char Length)
 233          {
 234   1        unsigned char i,SingleNumber;
 235   1        LCD_SetCursor(Line,Column);
 236   1        for(i=Length;i>0;i--)
 237   1        {
 238   2          SingleNumber=Number/LCD_Pow(16,i-1)%16;
 239   2          if(SingleNumber<10)
 240   2          {
C51 COMPILER V9.54   LCD1602                                                               09/28/2025 16:31:40 PAGE 5   

 241   3            LCD_WriteData(SingleNumber+'0');
 242   3          }
 243   2          else
 244   2          {
 245   3            LCD_WriteData(SingleNumber-10+'A');
 246   3          }
 247   2        }
 248   1      }
 249          
 250          /**
 251            * @brief  在LCD1602指定位置开始以二进制显示所给数字
 252            * @param  Line 起始行位置，范围：1~2
 253            * @param  Column 起始列位置，范围：1~16
 254            * @param  Number 要显示的数字，范围：0~1111 1111 1111 1111
 255            * @param  Length 要显示数字的长度，范围：1~16
 256            * @retval 无
 257            */
 258          void LCD_ShowBinNum(unsigned char Line,unsigned char Column,unsigned int Number,unsigned char Length)
 259          {
 260   1        unsigned char i;
 261   1        LCD_SetCursor(Line,Column);
 262   1        for(i=Length;i>0;i--)
 263   1        {
 264   2          LCD_WriteData(Number/LCD_Pow(2,i-1)%2+'0');
 265   2        }
 266   1      }


MODULE INFORMATION:   STATIC OVERLAYABLE
   CODE SIZE        =    410    ----
   CONSTANT SIZE    =   ----    ----
   XDATA SIZE       =   ----    ----
   PDATA SIZE       =   ----    ----
   DATA SIZE        =   ----      29
   IDATA SIZE       =   ----    ----
   BIT SIZE         =   ----    ----
END OF MODULE INFORMATION.


C51 COMPILATION COMPLETE.  0 WARNING(S),  0 ERROR(S)
