C51 COMPILER V9.54   MAIN                                                                  09/28/2025 16:31:40 PAGE 1   


C51 COMPILER V9.54, COMPILATION OF MODULE MAIN
OBJECT MODULE PLACED IN .\Objects\main.obj
COMPILER INVOKED BY: E:\keil5\C51\BIN\C51.EXE main.c OPTIMIZE(8,SPEED) BROWSE DEBUG OBJECTEXTEND PRINT(.\Listings\main.l
                    -st) TABS(2) OBJECT(.\Objects\main.obj)

line level    source

   1          #include <REGX52.H>
   2          #include <LCD1602.H>
   3          #include <delay.h>
   4          void main()
   5          {   
   6   1        unsigned int i;
   7   1          LCD_Init();
   8   1                  for(i = 0; i <= 999; i++){
   9   2                  LCD_ShowNum(1,1,i,3);
  10   2                  delay(100);
  11   2                          if(i == 60){
  12   3                            LCD_Clear();
  13   3                            LCD_ShowString(1,1,"1 miniute have passed!");
  14   3                            delay(3000);
  15   3                            i = i + 3;
  16   3                            LCD_Clear();
  17   3                          }
  18   2                          else if(i == 520){
  19   3                            LCD_Clear();
  20   3                            LCD_ShowString(1, 1, "I love you");
  21   3                            LCD_Clear();
  22   3                          }
  23   2                          else if(i == 0){  //i = xx是赋值，i == xx才是比较
  24   3                            LCD_Clear();
  25   3                            LCD_ShowString(1,1,"Timer start!!");
  26   3                            delay(3000);
  27   3                            LCD_Clear();
  28   3                          }
  29   2                        
  30   2          }
  31   1          LCD_Clear();
  32   1          LCD_ShowString(1,1,"Timer stop QAQ");       
  33   1      }
  34                  
  35                  
  36                  


MODULE INFORMATION:   STATIC OVERLAYABLE
   CODE SIZE        =    169    ----
   CONSTANT SIZE    =     63    ----
   XDATA SIZE       =   ----    ----
   PDATA SIZE       =   ----    ----
   DATA SIZE        =   ----       2
   IDATA SIZE       =   ----    ----
   BIT SIZE         =   ----    ----
END OF MODULE INFORMATION.


C51 COMPILATION COMPLETE.  0 WARNING(S),  0 ERROR(S)
