C51 COMPILER V9.54   MAIN                                                                  08/10/2025 16:19:09 PAGE 1   


C51 COMPILER V9.54, COMPILATION OF MODULE MAIN
OBJECT MODULE PLACED IN .\Objects\main.obj
COMPILER INVOKED BY: E:\keil5\C51\BIN\C51.EXE main.c OPTIMIZE(8,SPEED) BROWSE DEBUG OBJECTEXTEND PRINT(.\Listings\main.l
                    -st) TABS(2) OBJECT(.\Objects\main.obj)

line level    source

   1          #include <REGX52.H>
   2          void Delay1ms(unsigned int xms) //@12.000MHz
   3          {
   4   1        unsigned char data i, j;
   5   1        while(xms)
   6   1        {
   7   2            i = 2;
   8   2        j = 239;
   9   2        do
  10   2        {
  11   3          while (--j);
  12   3        } while (--i);
  13   2          xms --;
  14   2        }
  15   1      
  16   1      }
  17          
  18          void main()
  19          {
  20   1          Delay1ms(100);
  21   1          P2 = 0xFE;//1111 1110
  22   1          Delay1ms(100);
  23   1          P2 = 0xFD;//1111 1101
  24   1          Delay1ms(100);
  25   1          P2 = 0xFB;//1111 1011
  26   1          Delay1ms(100);
  27   1          P2 = 0xF7;//1111 0111
  28   1          Delay1ms(100);
  29   1          P2 = 0xEF;//1110 1111
  30   1          Delay1ms(100);
  31   1          P2 = 0xDF;//1101 1111
  32   1          Delay1ms(100);
  33   1          P2 = 0xBF;//1011 1111
  34   1          Delay1ms(100);
  35   1          P2 = 0x7F;//0111 1111
  36   1          Delay1ms(100);
  37   1      }


MODULE INFORMATION:   STATIC OVERLAYABLE
   CODE SIZE        =     79    ----
   CONSTANT SIZE    =   ----    ----
   XDATA SIZE       =   ----    ----
   PDATA SIZE       =   ----    ----
   DATA SIZE        =   ----    ----
   IDATA SIZE       =   ----    ----
   BIT SIZE         =   ----    ----
END OF MODULE INFORMATION.


C51 COMPILATION COMPLETE.  0 WARNING(S),  0 ERROR(S)
