C51 COMPILER V9.54   MAIN2                                                                 09/07/2025 16:09:49 PAGE 1   


C51 COMPILER V9.54, COMPILATION OF MODULE MAIN2
OBJECT MODULE PLACED IN .\Objects\main2.obj
COMPILER INVOKED BY: E:\keil5\C51\BIN\C51.EXE main2.c OPTIMIZE(8,SPEED) BROWSE DEBUG OBJECTEXTEND PRINT(.\Listings\main2
                    -.lst) TABS(2) OBJECT(.\Objects\main2.obj)

line level    source

   1          #include <REGX52.H>
   2          unsigned char CharTable[]={0x77,0x7c,0x39,0x5e,0x79,0x71,0x00};   //字母驱动数组，分别为A，B，C，D，E，F，[
             -空]
   3          void delay(unsigned int xms)  //@12.000MHz
   4          {
   5   1        unsigned char i, j;
   6   1        while(xms)
   7   1        {
   8   2          i = 2;
   9   2          j = 239;
  10   2          do
  11   2          {
  12   3            while (--j);
  13   3          } while (--i);
  14   2          xms--;
  15   2        }
  16   1      }
  17          
  18          void ShuMaGuan(unsigned char Location, unsigned int Num)
  19            {
  20   1          //多分支判断
  21   1          switch(Location)
  22   1          {
  23   2            case 1:P2_4=1;P2_3=1;P2_2=1;break;
  24   2            case 2:P2_4=1;P2_3=1;P2_2=0;break;
  25   2            case 3:P2_4=1;P2_3=0;P2_2=1;break;
  26   2            case 4:P2_4=1;P2_3=0;P2_2=0;break;
  27   2            case 5:P2_4=0;P2_3=1;P2_2=1;break;
  28   2            case 6:P2_4=0;P2_3=1;P2_2=0;break;
  29   2            case 7:P2_4=0;P2_3=0;P2_2=1;break;
  30   2            case 8:P2_4=0;P2_3=0;P2_2=0;break;
  31   2          }
  32   1          switch(Num)
  33   1          {
  34   2            case 1:P0=CharTable[1];break;
  35   2            case 2:P0=CharTable[2];break;
  36   2            case 3:P0=CharTable[3];break;
  37   2            case 4:P0=CharTable[4];break;
  38   2            case 5:P0=CharTable[5];break;
  39   2            case 6:P0=CharTable[6];break;
  40   2            case 7:P0=CharTable[7];break; //空位
  41   2      
  42   2          }
  43   1        }
  44          
  45          void main()
  46          {
  47   1        while(1)
  48   1        {
  49   2          delay(10);
  50   2          ShuMaGuan(1,1);
  51   2          delay(1);
  52   2          ShuMaGuan(2,2);
  53   2          delay(1);
C51 COMPILER V9.54   MAIN2                                                                 09/07/2025 16:09:49 PAGE 2   

  54   2          ShuMaGuan(3,3);
  55   2          delay(1);
  56   2          ShuMaGuan(4,7);
  57   2          delay(1);
  58   2          ShuMaGuan(5,5);
  59   2          delay(1);
  60   2          ShuMaGuan(6,6);
  61   2          delay(1);
  62   2          ShuMaGuan(7,7);
  63   2          delay(1);
  64   2        
  65   2        
  66   2        }
  67   1      
  68   1      
  69   1      }


MODULE INFORMATION:   STATIC OVERLAYABLE
   CODE SIZE        =    270    ----
   CONSTANT SIZE    =   ----    ----
   XDATA SIZE       =   ----    ----
   PDATA SIZE       =   ----    ----
   DATA SIZE        =      7    ----
   IDATA SIZE       =   ----    ----
   BIT SIZE         =   ----    ----
END OF MODULE INFORMATION.


C51 COMPILATION COMPLETE.  0 WARNING(S),  0 ERROR(S)
