C51 COMPILER V9.54   MAIN                                                                  08/31/2025 19:01:16 PAGE 1   


C51 COMPILER V9.54, COMPILATION OF MODULE MAIN
OBJECT MODULE PLACED IN .\Objects\main.obj
COMPILER INVOKED BY: E:\keil5\C51\BIN\C51.EXE main.c OPTIMIZE(8,SPEED) BROWSE DEBUG OBJECTEXTEND PRINT(.\Listings\main.l
                    -st) TABS(2) OBJECT(.\Objects\main.obj)

line level    source

   1          #include <REGX52.H>
   2          void Delay(unsigned int xms)  //@12.000MHz
   3          {
   4   1        unsigned char i, j;
   5   1        while(xms)
   6   1        {
   7   2          i = 2;
   8   2          j = 239;
   9   2          do
  10   2          {
  11   3            while (--j);
  12   3          } while (--i);
  13   2          xms--;
  14   2        }
  15   1        
  16   1      }
  17          
  18          void main()
  19          {
  20   1        while(1)
  21   1        {
  22   2            if(P3_1==0)
  23   2            {
  24   3              Delay(15); 
  25   3              while(P3_1==0);//空循环体，不执行任何操作，保持等待
  26   3              Delay(15);
  27   3              
  28   3              P2_0 =~ P2_0; //按位取反赋值
  29   3              
  30   3              
  31   3              
  32   3            
  33   3            }
  34   2            /*
  35   2            P2_0=0;
  36   2            Delay(500);
  37   2            P2_0=1;
  38   2            Delay(500);
  39   2            */
  40   2          
  41   2        }
  42   1        
  43   1      
  44   1      }


MODULE INFORMATION:   STATIC OVERLAYABLE
   CODE SIZE        =     44    ----
   CONSTANT SIZE    =   ----    ----
   XDATA SIZE       =   ----    ----
   PDATA SIZE       =   ----    ----
   DATA SIZE        =   ----    ----
   IDATA SIZE       =   ----    ----
   BIT SIZE         =   ----    ----
C51 COMPILER V9.54   MAIN                                                                  08/31/2025 19:01:16 PAGE 2   

END OF MODULE INFORMATION.


C51 COMPILATION COMPLETE.  0 WARNING(S),  0 ERROR(S)
