C51 COMPILER V9.54   MAIN                                                                  08/31/2025 20:05:52 PAGE 1   


C51 COMPILER V9.54, COMPILATION OF MODULE MAIN
OBJECT MODULE PLACED IN .\Objects\main.obj
COMPILER INVOKED BY: E:\keil5\C51\BIN\C51.EXE main.c OPTIMIZE(8,SPEED) BROWSE DEBUG OBJECTEXTEND PRINT(.\Listings\main.l
                    -st) TABS(2) OBJECT(.\Objects\main.obj)

line level    source

   1          #include <REGX52.H>
   2          
   3          unsigned char LedNum;
   4          
   5          void delay(unsigned int xms)  //@12.000MHz
   6          {
   7   1        unsigned char i, j;
   8   1        while(xms)
   9   1        {
  10   2          i = 2;
  11   2          j = 239;
  12   2          do
  13   2          {
  14   3            while (--j);
  15   3          } while (--i);
  16   2          xms--;
  17   2        }
  18   1      }
  19          
  20          void main()
  21          {
  22   1        P2 = 0x01;
  23   1        while(1)
  24   1        {
  25   2          
  26   2          if(P3_1 == 0)
  27   2          {
  28   3            delay(10);
  29   3            while(P3_1==0);
  30   3            delay(10);
  31   3            LedNum ++;
  32   3            if(LedNum>=8)
  33   3              LedNum=0;
  34   3            P2 = ~ (0x01 << LedNum);  //为0时亮，1时灭，故取反
  35   3            
  36   3          }
  37   2          if(P3_0 == 0)
  38   2          {
  39   3            delay(10);
  40   3            while(P3_0==0);
  41   3            delay(10);
  42   3            LedNum --;
  43   3            if(LedNum>=8)
  44   3              LedNum=0;
  45   3            P2 = ~ (0x01 << LedNum);  //为0时亮，1时灭，故取反
  46   3            
  47   3          }
  48   2        }
  49   1      
  50   1      }


MODULE INFORMATION:   STATIC OVERLAYABLE
   CODE SIZE        =    109    ----
C51 COMPILER V9.54   MAIN                                                                  08/31/2025 20:05:52 PAGE 2   

   CONSTANT SIZE    =   ----    ----
   XDATA SIZE       =   ----    ----
   PDATA SIZE       =   ----    ----
   DATA SIZE        =      1    ----
   IDATA SIZE       =   ----    ----
   BIT SIZE         =   ----    ----
END OF MODULE INFORMATION.


C51 COMPILATION COMPLETE.  0 WARNING(S),  0 ERROR(S)
