C51 COMPILER V9.54   MAIN                                                                  08/22/2025 16:58:30 PAGE 1   


C51 COMPILER V9.54, COMPILATION OF MODULE MAIN
OBJECT MODULE PLACED IN .\Objects\main.obj
COMPILER INVOKED BY: E:\keil5\C51\BIN\C51.EXE main.c OPTIMIZE(8,SPEED) BROWSE DEBUG OBJECTEXTEND PRINT(.\Listings\main.l
                    -st) TABS(2) OBJECT(.\Objects\main.obj)

line level    source

   1          #include <REGX52.H>
   2          
   3          void main()
   4          {
   5   1        //while循环中参数为就一直循环
   6   1        while(1)
   7   1        {
   8   2            if(P3_1 == 0 || P3_0 == 0) //比较p31（独立按键）的电平
   9   2            {
  10   3              P2_0=0; //按下点亮
  11   3            }
  12   2            else
  13   2            {
  14   3              P2_0=1;//松开灭掉
  15   3            
  16   3            }
  17   2            
  18   2            
  19   2            if(P3_0 == 0) //比较p30（独立按键）的电平
  20   2            {
  21   3              P2_1=0; //按下点亮
  22   3            }
  23   2            else
  24   2            {
  25   3              P2_1=1;//松开灭掉
  26   3            
  27   3            }
  28   2            
  29   2            
  30   2            if(P3_2 == 0) //比较p32（独立按键）的电平
  31   2            {
  32   3              P2_2=0; //按下点亮
  33   3            }
  34   2            else
  35   2            {
  36   3              P2_2=1;//松开灭掉
  37   3            
  38   3            }
  39   2        }
  40   1      
  41   1      }
  42            


MODULE INFORMATION:   STATIC OVERLAYABLE
   CODE SIZE        =     32    ----
   CONSTANT SIZE    =   ----    ----
   XDATA SIZE       =   ----    ----
   PDATA SIZE       =   ----    ----
   DATA SIZE        =   ----    ----
   IDATA SIZE       =   ----    ----
   BIT SIZE         =   ----    ----
END OF MODULE INFORMATION.


C51 COMPILATION COMPLETE.  0 WARNING(S),  0 ERROR(S)
